Copyright 1986-2022 Xilinx, Inc. All Rights Reserved. Copyright 2022-2025 Advanced Micro Devices, Inc. All Rights Reserved.
------------------------------------------------------------------------------------------------------------------------------------------------------------------------------------------------------------------------------------------------------
| Tool Version : Vivado v.2025.1 (win64) Build 6140274 Thu May 22 00:12:29 MDT 2025
| Date         : Thu Oct 30 18:55:35 2025
| Host         : LAPTOP-PrashanthPai running 64-bit major release  (build 9200)
| Command      : report_timing_summary -max_paths 10 -routable_nets -report_unconstrained -file logic_gate_top_timing_summary_routed.rpt -pb logic_gate_top_timing_summary_routed.pb -rpx logic_gate_top_timing_summary_routed.rpx -warn_on_violation
| Design       : logic_gate_top
| Device       : 7z010-clg400
| Speed File   : -1  PRODUCTION 1.12 2019-11-22
| Design State : Routed
------------------------------------------------------------------------------------------------------------------------------------------------------------------------------------------------------------------------------------------------------

Timing Summary Report

------------------------------------------------------------------------------------------------
| Timer Settings
| --------------
------------------------------------------------------------------------------------------------

  Enable Multi Corner Analysis               :  Yes
  Enable Pessimism Removal                   :  Yes
  Pessimism Removal Resolution               :  Nearest Common Node
  Enable Input Delay Default Clock           :  No
  Enable Preset / Clear Arcs                 :  No
  Disable Flight Delays                      :  No
  Ignore I/O Paths                           :  No
  Timing Early Launch at Borrowing Latches   :  No
  Borrow Time for Max Delay Exceptions       :  Yes
  Merge Timing Exceptions                    :  Yes
  Inter-SLR Compensation                     :  Conservative

  Corner  Analyze    Analyze    
  Name    Max Paths  Min Paths  
  ------  ---------  ---------  
  Slow    Yes        Yes        
  Fast    Yes        Yes        


------------------------------------------------------------------------------------------------
| Report Methodology
| ------------------
------------------------------------------------------------------------------------------------

No report available as report_methodology has not been run prior. Run report_methodology on the current design for the summary of methodology violations.



check_timing report

Table of Contents
-----------------
1. checking no_clock (0)
2. checking constant_clock (0)
3. checking pulse_width_clock (0)
4. checking unconstrained_internal_endpoints (0)
5. checking no_input_delay (0)
6. checking no_output_delay (0)
7. checking multiple_clock (0)
8. checking generated_clocks (0)
9. checking loops (0)
10. checking partial_input_delay (0)
11. checking partial_output_delay (0)
12. checking latch_loops (0)

1. checking no_clock (0)
------------------------
 There are 0 register/latch pins with no clock.


2. checking constant_clock (0)
------------------------------
 There are 0 register/latch pins with constant_clock.


3. checking pulse_width_clock (0)
---------------------------------
 There are 0 register/latch pins which need pulse_width check


4. checking unconstrained_internal_endpoints (0)
------------------------------------------------
 There are 0 pins that are not constrained for maximum delay.

 There are 0 pins that are not constrained for maximum delay due to constant clock.


5. checking no_input_delay (0)
------------------------------
 There are 0 input ports with no input delay specified.

 There are 0 input ports with no input delay but user has a false path constraint.


6. checking no_output_delay (0)
-------------------------------
 There are 0 ports with no output delay specified.

 There are 0 ports with no output delay but user has a false path constraint

 There are 0 ports with no output delay but with a timing clock defined on it or propagating through it


7. checking multiple_clock (0)
------------------------------
 There are 0 register/latch pins with multiple clocks.


8. checking generated_clocks (0)
--------------------------------
 There are 0 generated clocks that are not connected to a clock source.


9. checking loops (0)
---------------------
 There are 0 combinational loops in the design.


10. checking partial_input_delay (0)
------------------------------------
 There are 0 input ports with partial input delay specified.


11. checking partial_output_delay (0)
-------------------------------------
 There are 0 ports with partial output delay specified.


12. checking latch_loops (0)
----------------------------
 There are 0 combinational latch loops in the design through latch input



------------------------------------------------------------------------------------------------
| Design Timing Summary
| ---------------------
------------------------------------------------------------------------------------------------

    WNS(ns)      TNS(ns)  TNS Failing Endpoints  TNS Total Endpoints      WHS(ns)      THS(ns)  THS Failing Endpoints  THS Total Endpoints     WPWS(ns)     TPWS(ns)  TPWS Failing Endpoints  TPWS Total Endpoints  
    -------      -------  ---------------------  -------------------      -------      -------  ---------------------  -------------------     --------     --------  ----------------------  --------------------  
        inf        0.000                      0                    2          inf        0.000                      0                    2           NA           NA                      NA                    NA  


There are no user specified timing constraints.


------------------------------------------------------------------------------------------------
| Clock Summary
| -------------
------------------------------------------------------------------------------------------------


------------------------------------------------------------------------------------------------
| Intra Clock Table
| -----------------
------------------------------------------------------------------------------------------------

Clock             WNS(ns)      TNS(ns)  TNS Failing Endpoints  TNS Total Endpoints      WHS(ns)      THS(ns)  THS Failing Endpoints  THS Total Endpoints     WPWS(ns)     TPWS(ns)  TPWS Failing Endpoints  TPWS Total Endpoints  
-----             -------      -------  ---------------------  -------------------      -------      -------  ---------------------  -------------------     --------     --------  ----------------------  --------------------  


------------------------------------------------------------------------------------------------
| Inter Clock Table
| -----------------
------------------------------------------------------------------------------------------------

From Clock    To Clock          WNS(ns)      TNS(ns)  TNS Failing Endpoints  TNS Total Endpoints      WHS(ns)      THS(ns)  THS Failing Endpoints  THS Total Endpoints  
----------    --------          -------      -------  ---------------------  -------------------      -------      -------  ---------------------  -------------------  


------------------------------------------------------------------------------------------------
| Other Path Groups Table
| -----------------------
------------------------------------------------------------------------------------------------

Path Group    From Clock    To Clock          WNS(ns)      TNS(ns)  TNS Failing Endpoints  TNS Total Endpoints      WHS(ns)      THS(ns)  THS Failing Endpoints  THS Total Endpoints  
----------    ----------    --------          -------      -------  ---------------------  -------------------      -------      -------  ---------------------  -------------------  


------------------------------------------------------------------------------------------------
| User Ignored Path Table
| -----------------------
------------------------------------------------------------------------------------------------

Path Group    From Clock    To Clock    
----------    ----------    --------    


------------------------------------------------------------------------------------------------
| Unconstrained Path Table
| ------------------------
------------------------------------------------------------------------------------------------

Path Group    From Clock    To Clock    
----------    ----------    --------    
(none)                                    


------------------------------------------------------------------------------------------------
| Timing Details
| --------------
------------------------------------------------------------------------------------------------


--------------------------------------------------------------------------------------
Path Group:  (none)
From Clock:  
  To Clock:  

Max Delay             2 Endpoints
Min Delay             2 Endpoints
--------------------------------------------------------------------------------------


Max Delay Paths
--------------------------------------------------------------------------------------
Slack:                    inf
  Source:                 i_button_0
                            (input port)
  Destination:            o_led_0
                            (output port)
  Path Group:             (none)
  Path Type:              Max at Slow Process Corner
  Data Path Delay:        10.073ns  (logic 5.168ns (51.310%)  route 4.905ns (48.690%))
  Logic Levels:           3  (IBUF=1 LUT2=1 OBUF=1)

    Location             Delay type                Incr(ns)  Path(ns)    Netlist Resource(s)
  -------------------------------------------------------------------    -------------------
    D19                                               0.000     0.000 r  i_button_0 (IN)
                         net (fo=0)                   0.000     0.000    i_button_0
    D19                  IBUF (Prop_ibuf_I_O)         1.477     1.477 r  i_button_0_IBUF_inst/O
                         net (fo=1, routed)           1.366     2.843    i_button_0_IBUF
    SLICE_X43Y91         LUT2 (Prop_lut2_I0_O)        0.124     2.967 r  o_led_0_OBUF_inst_i_1/O
                         net (fo=1, routed)           3.539     6.506    o_led_0_OBUF
    R14                  OBUF (Prop_obuf_I_O)         3.567    10.073 r  o_led_0_OBUF_inst/O
                         net (fo=0)                   0.000    10.073    o_led_0
    R14                                                               r  o_led_0 (OUT)
  -------------------------------------------------------------------    -------------------

Slack:                    inf
  Source:                 i_button_2
                            (input port)
  Destination:            o_led_1
                            (output port)
  Path Group:             (none)
  Path Type:              Max at Slow Process Corner
  Data Path Delay:        9.478ns  (logic 5.207ns (54.940%)  route 4.271ns (45.060%))
  Logic Levels:           3  (IBUF=1 LUT2=1 OBUF=1)

    Location             Delay type                Incr(ns)  Path(ns)    Netlist Resource(s)
  -------------------------------------------------------------------    -------------------
    L20                                               0.000     0.000 r  i_button_2 (IN)
                         net (fo=0)                   0.000     0.000    i_button_2
    L20                  IBUF (Prop_ibuf_I_O)         1.511     1.511 r  i_button_2_IBUF_inst/O
                         net (fo=1, routed)           1.001     2.512    i_button_2_IBUF
    SLICE_X43Y81         LUT2 (Prop_lut2_I0_O)        0.124     2.636 r  o_led_1_OBUF_inst_i_1/O
                         net (fo=1, routed)           3.270     5.906    o_led_1_OBUF
    P14                  OBUF (Prop_obuf_I_O)         3.572     9.478 r  o_led_1_OBUF_inst/O
                         net (fo=0)                   0.000     9.478    o_led_1
    P14                                                               r  o_led_1 (OUT)
  -------------------------------------------------------------------    -------------------





Min Delay Paths
--------------------------------------------------------------------------------------
Slack:                    inf
  Source:                 i_button_3
                            (input port)
  Destination:            o_led_1
                            (output port)
  Path Group:             (none)
  Path Type:              Min at Fast Process Corner
  Data Path Delay:        2.946ns  (logic 1.595ns (54.125%)  route 1.351ns (45.875%))
  Logic Levels:           3  (IBUF=1 LUT2=1 OBUF=1)

    Location             Delay type                Incr(ns)  Path(ns)    Netlist Resource(s)
  -------------------------------------------------------------------    -------------------
    L19                                               0.000     0.000 r  i_button_3 (IN)
                         net (fo=0)                   0.000     0.000    i_button_3
    L19                  IBUF (Prop_ibuf_I_O)         0.277     0.277 r  i_button_3_IBUF_inst/O
                         net (fo=1, routed)           0.335     0.612    i_button_3_IBUF
    SLICE_X43Y81         LUT2 (Prop_lut2_I1_O)        0.045     0.657 r  o_led_1_OBUF_inst_i_1/O
                         net (fo=1, routed)           1.017     1.673    o_led_1_OBUF
    P14                  OBUF (Prop_obuf_I_O)         1.273     2.946 r  o_led_1_OBUF_inst/O
                         net (fo=0)                   0.000     2.946    o_led_1
    P14                                                               r  o_led_1 (OUT)
  -------------------------------------------------------------------    -------------------

Slack:                    inf
  Source:                 i_button_1
                            (input port)
  Destination:            o_led_0
                            (output port)
  Path Group:             (none)
  Path Type:              Min at Fast Process Corner
  Data Path Delay:        3.066ns  (logic 1.556ns (50.748%)  route 1.510ns (49.252%))
  Logic Levels:           3  (IBUF=1 LUT2=1 OBUF=1)

    Location             Delay type                Incr(ns)  Path(ns)    Netlist Resource(s)
  -------------------------------------------------------------------    -------------------
    D20                                               0.000     0.000 r  i_button_1 (IN)
                         net (fo=0)                   0.000     0.000    i_button_1
    D20                  IBUF (Prop_ibuf_I_O)         0.243     0.243 r  i_button_1_IBUF_inst/O
                         net (fo=1, routed)           0.375     0.618    i_button_1_IBUF
    SLICE_X43Y91         LUT2 (Prop_lut2_I1_O)        0.045     0.663 r  o_led_0_OBUF_inst_i_1/O
                         net (fo=1, routed)           1.135     1.798    o_led_0_OBUF
    R14                  OBUF (Prop_obuf_I_O)         1.268     3.066 r  o_led_0_OBUF_inst/O
                         net (fo=0)                   0.000     3.066    o_led_0
    R14                                                               r  o_led_0 (OUT)
  -------------------------------------------------------------------    -------------------





